<?xml version="1.0" encoding="UTF-8"?>
<!-- Generated by org.testng.reporters.JUnitReportReporter -->
<testsuite skipped="0" hostname="DESKTOP-KHEI6LJ" name="ManjuTest.ManjuTest.AppTest" tests="2" failures="0" timestamp="2020-01-20T13:09:44 EST" time="0.080" errors="0">
  <testcase name="testcase3" time="0.040" classname="ManjuTest.ManjuTest.AppTest"/>
  <system-out/>
  <testcase name="testcase2" time="0.040" classname="ManjuTest.ManjuTest.AppTest"/>
  <system-out/>
</testsuite> <!-- ManjuTest.ManjuTest.AppTest -->
